<?xml version="1.0" encoding="UTF-8"?>
<!-- Generated by org.testng.reporters.JUnitXMLReporter -->
<testsuite ignored="6" hostname="LAPTOP-V5S86BSH" failures="0" tests="0" time="0.012" errors="0" timestamp="2022-04-10T22:57:35 IST">
  <testcase classname="com.crm.pratice.TestNgTest" name="testRunTest" time="0.0">
    <ignored/>
  </testcase> <!-- testRunTest -->
  <testcase classname="com.crm.pratice.TestNgGrouptest$TestNgTest" name="testRunTest" time="0.0">
    <ignored/>
  </testcase> <!-- testRunTest -->
  <testcase classname="com.crm.pratice.TestNgTest" name="test3" time="0.0">
    <ignored/>
  </testcase> <!-- test3 -->
  <testcase classname="com.crm.pratice.TestNgGrouptest$TestNgTest" name="test3" time="0.0">
    <ignored/>
  </testcase> <!-- test3 -->
  <testcase classname="com.crm.pratice.TestNgTest" name="test2" time="0.0">
    <ignored/>
  </testcase> <!-- test2 -->
  <testcase classname="com.crm.pratice.TestNgGrouptest$TestNgTest" name="test2" time="0.0">
    <ignored/>
  </testcase> <!-- test2 -->
</testsuite>
