<?xml version="1.0" encoding="UTF-8"?>
<!-- Generated by org.testng.reporters.JUnitXMLReporter -->
<testsuite ignored="0" hostname="LAPTOP-V5S86BSH" failures="1" tests="1" name="Test1" time="9.97" errors="0" timestamp="2022-04-10T00:00:18 IST">
  <testcase classname="com.Crm.contacts.CreateOrganizationName" name="CreateOrganizationNameTest" time="0.013">
    <failure type="java.lang.NullPointerException" message="Cannot invoke &amp;quot;String.equalsIgnoreCase(String)&amp;quot; because &amp;quot;name&amp;quot; is null">
      <![CDATA[java.lang.NullPointerException: Cannot invoke "String.equalsIgnoreCase(String)" because "name" is null
at org.apache.poi.xssf.usermodel.XSSFWorkbook.getSheet(XSSFWorkbook.java:1167)
at org.apache.poi.xssf.usermodel.XSSFWorkbook.getSheet(XSSFWorkbook.java:108)
at com.cmr.genericUtility.ExcelUtility.fetchData(ExcelUtility.java:28)
at com.Crm.contacts.CreateOrganizationName.CreateOrganizationNameTest(CreateOrganizationName.java:52)
at java.base/java.util.ArrayList.forEach(ArrayList.java:1511)
... Removed 27 stack frames]]>
    </failure>
  </testcase> <!-- CreateOrganizationNameTest -->
</testsuite> <!-- Test1 -->
